<?xml version="1.0" encoding="UTF-8"?>
<testsuite xmlns:xsi="http://www.w3.org/2001/XMLSchema-instance" xsi:noNamespaceSchemaLocation="https://maven.apache.org/surefire/maven-surefire-plugin/xsd/surefire-test-report.xsd" name="Framework_selenium_bdd.Framework_selenium_bdd.AppTest" time="0.04" tests="1" errors="0" skipped="0" failures="0">
  <properties>
    <property name="java.specification.version" value="14"/>
    <property name="sun.cpu.isalist" value="amd64"/>
    <property name="sun.jnu.encoding" value="Cp1252"/>
    <property name="java.class.path" value="C:\Users\achre\eclipse-workspace\Framework-selenium-bdd\target\test-classes;C:\Users\achre\eclipse-workspace\Framework-selenium-bdd\target\classes;C:\Users\achre\.m2\repository\junit\junit\4.11\junit-4.11.jar;C:\Users\achre\.m2\repository\org\hamcrest\hamcrest-core\1.3\hamcrest-core-1.3.jar;C:\Users\achre\.m2\repository\info\cukes\cucumber-junit\1.2.4\cucumber-junit-1.2.4.jar;C:\Users\achre\.m2\repository\info\cukes\cucumber-core\1.2.4\cucumber-core-1.2.4.jar;C:\Users\achre\.m2\repository\info\cukes\cucumber-html\0.2.3\cucumber-html-0.2.3.jar;C:\Users\achre\.m2\repository\info\cukes\cucumber-jvm-deps\1.0.5\cucumber-jvm-deps-1.0.5.jar;C:\Users\achre\.m2\repository\info\cukes\gherkin\2.12.2\gherkin-2.12.2.jar;C:\Users\achre\.m2\repository\info\cukes\cucumber-java\1.2.4\cucumber-java-1.2.4.jar;C:\Users\achre\.m2\repository\log4j\log4j\1.2.17\log4j-1.2.17.jar;C:\Users\achre\.m2\repository\org\assertj\assertj-core\3.2.0\assertj-core-3.2.0.jar;C:\Users\achre\.m2\repository\org\apache\poi\poi-ooxml\3.13\poi-ooxml-3.13.jar;C:\Users\achre\.m2\repository\org\apache\poi\poi\3.13\poi-3.13.jar;C:\Users\achre\.m2\repository\org\apache\poi\poi-ooxml-schemas\3.13\poi-ooxml-schemas-3.13.jar;C:\Users\achre\.m2\repository\org\apache\xmlbeans\xmlbeans\2.6.0\xmlbeans-2.6.0.jar;C:\Users\achre\.m2\repository\stax\stax-api\1.0.1\stax-api-1.0.1.jar;C:\Users\achre\.m2\repository\com\googlecode\json-simple\json-simple\1.1.1\json-simple-1.1.1.jar;C:\Users\achre\.m2\repository\commons-codec\commons-codec\1.10\commons-codec-1.10.jar;C:\Users\achre\.m2\repository\net\code-story\simplelenium\2.1\simplelenium-2.1.jar;C:\Users\achre\.m2\repository\org\seleniumhq\selenium\selenium-support\2.47.1\selenium-support-2.47.1.jar;C:\Users\achre\.m2\repository\org\seleniumhq\selenium\selenium-remote-driver\2.47.1\selenium-remote-driver-2.47.1.jar;C:\Users\achre\.m2\repository\cglib\cglib-nodep\2.1_3\cglib-nodep-2.1_3.jar;C:\Users\achre\.m2\repository\org\seleniumhq\selenium\selenium-api\2.47.1\selenium-api-2.47.1.jar;C:\Users\achre\.m2\repository\com\google\guava\guava\18.0\guava-18.0.jar;C:\Users\achre\.m2\repository\org\apache\commons\commons-exec\1.3\commons-exec-1.3.jar;C:\Users\achre\.m2\repository\net\java\dev\jna\jna\4.1.0\jna-4.1.0.jar;C:\Users\achre\.m2\repository\net\java\dev\jna\jna-platform\4.1.0\jna-platform-4.1.0.jar;C:\Users\achre\.m2\repository\org\seleniumhq\selenium\selenium-chrome-driver\2.47.1\selenium-chrome-driver-2.47.1.jar;C:\Users\achre\.m2\repository\org\seleniumhq\selenium\selenium-firefox-driver\2.47.1\selenium-firefox-driver-2.47.1.jar;C:\Users\achre\.m2\repository\commons-io\commons-io\2.4\commons-io-2.4.jar;C:\Users\achre\.m2\repository\org\apache\commons\commons-compress\1.10\commons-compress-1.10.jar;C:\Users\achre\.m2\repository\org\slf4j\slf4j-log4j12\1.7.18\slf4j-log4j12-1.7.18.jar;C:\Users\achre\.m2\repository\org\slf4j\slf4j-api\1.7.18\slf4j-api-1.7.18.jar;C:\Users\achre\.m2\repository\com\aventstack\extentreports\3.1.3\extentreports-3.1.3.jar;C:\Users\achre\.m2\repository\org\freemarker\freemarker\2.3.23\freemarker-2.3.23.jar;C:\Users\achre\.m2\repository\org\mongodb\mongodb-driver\3.3.0\mongodb-driver-3.3.0.jar;C:\Users\achre\.m2\repository\org\mongodb\bson\3.3.0\bson-3.3.0.jar;C:\Users\achre\.m2\repository\org\mongodb\mongodb-driver-core\3.3.0\mongodb-driver-core-3.3.0.jar;C:\Users\achre\.m2\repository\org\apache\httpcomponents\httpclient\4.5.2\httpclient-4.5.2.jar;C:\Users\achre\.m2\repository\org\apache\httpcomponents\httpcore\4.4.4\httpcore-4.4.4.jar;C:\Users\achre\.m2\repository\org\apache\httpcomponents\httpmime\4.5.2\httpmime-4.5.2.jar;C:\Users\achre\.m2\repository\org\jsoup\jsoup\1.9.2\jsoup-1.9.2.jar;C:\Users\achre\.m2\repository\com\google\code\gson\gson\2.8.0\gson-2.8.0.jar;C:\Users\achre\.m2\repository\com\vimalselvam\cucumber-extentsreport\3.0.0\cucumber-extentsreport-3.0.0.jar;C:\Users\achre\.m2\repository\org\seleniumhq\selenium\selenium-java\2.50.1\selenium-java-2.50.1.jar;C:\Users\achre\.m2\repository\org\seleniumhq\selenium\selenium-edge-driver\2.50.1\selenium-edge-driver-2.50.1.jar;C:\Users\achre\.m2\repository\org\seleniumhq\selenium\selenium-htmlunit-driver\2.50.1\selenium-htmlunit-driver-2.50.1.jar;C:\Users\achre\.m2\repository\net\sourceforge\htmlunit\htmlunit\2.18\htmlunit-2.18.jar;C:\Users\achre\.m2\repository\xalan\xalan\2.7.2\xalan-2.7.2.jar;C:\Users\achre\.m2\repository\xalan\serializer\2.7.2\serializer-2.7.2.jar;C:\Users\achre\.m2\repository\org\apache\commons\commons-lang3\3.4\commons-lang3-3.4.jar;C:\Users\achre\.m2\repository\net\sourceforge\htmlunit\htmlunit-core-js\2.17\htmlunit-core-js-2.17.jar;C:\Users\achre\.m2\repository\xerces\xercesImpl\2.11.0\xercesImpl-2.11.0.jar;C:\Users\achre\.m2\repository\xml-apis\xml-apis\1.4.01\xml-apis-1.4.01.jar;C:\Users\achre\.m2\repository\net\sourceforge\nekohtml\nekohtml\1.9.22\nekohtml-1.9.22.jar;C:\Users\achre\.m2\repository\net\sourceforge\cssparser\cssparser\0.9.16\cssparser-0.9.16.jar;C:\Users\achre\.m2\repository\org\w3c\css\sac\1.3\sac-1.3.jar;C:\Users\achre\.m2\repository\org\eclipse\jetty\websocket\websocket-client\9.2.12.v20150709\websocket-client-9.2.12.v20150709.jar;C:\Users\achre\.m2\repository\org\eclipse\jetty\jetty-util\9.2.12.v20150709\jetty-util-9.2.12.v20150709.jar;C:\Users\achre\.m2\repository\org\eclipse\jetty\jetty-io\9.2.12.v20150709\jetty-io-9.2.12.v20150709.jar;C:\Users\achre\.m2\repository\org\eclipse\jetty\websocket\websocket-common\9.2.12.v20150709\websocket-common-9.2.12.v20150709.jar;C:\Users\achre\.m2\repository\org\eclipse\jetty\websocket\websocket-api\9.2.12.v20150709\websocket-api-9.2.12.v20150709.jar;C:\Users\achre\.m2\repository\commons-collections\commons-collections\3.2.2\commons-collections-3.2.2.jar;C:\Users\achre\.m2\repository\org\seleniumhq\selenium\selenium-ie-driver\2.50.1\selenium-ie-driver-2.50.1.jar;C:\Users\achre\.m2\repository\org\seleniumhq\selenium\selenium-safari-driver\2.50.1\selenium-safari-driver-2.50.1.jar;C:\Users\achre\.m2\repository\org\webbitserver\webbit\0.4.14\webbit-0.4.14.jar;C:\Users\achre\.m2\repository\io\netty\netty\3.5.2.Final\netty-3.5.2.Final.jar;C:\Users\achre\.m2\repository\org\seleniumhq\selenium\selenium-leg-rc\2.50.1\selenium-leg-rc-2.50.1.jar;C:\Users\achre\.m2\repository\org\apache\pdfbox\pdfbox\1.8.1\pdfbox-1.8.1.jar;C:\Users\achre\.m2\repository\org\apache\pdfbox\fontbox\1.8.1\fontbox-1.8.1.jar;C:\Users\achre\.m2\repository\org\apache\pdfbox\jempbox\1.8.1\jempbox-1.8.1.jar;C:\Users\achre\.m2\repository\commons-logging\commons-logging\1.1.1\commons-logging-1.1.1.jar;"/>
    <property name="java.vm.vendor" value="Oracle Corporation"/>
    <property name="sun.arch.data.model" value="64"/>
    <property name="user.variant" value=""/>
    <property name="java.vendor.url" value="https://java.oracle.com/"/>
    <property name="user.timezone" value="Africa/Tunis"/>
    <property name="user.country.format" value="TN"/>
    <property name="os.name" value="Windows 10"/>
    <property name="java.vm.specification.version" value="14"/>
    <property name="sun.java.launcher" value="SUN_STANDARD"/>
    <property name="user.country" value="FR"/>
    <property name="sun.boot.library.path" value="C:\Program Files\Java\jdk-14.0.2\bin"/>
    <property name="sun.java.command" value="C:\Users\achre\AppData\Local\Temp\surefire2339926075540742602\surefirebooter10965744304902565670.jar C:\Users\achre\AppData\Local\Temp\surefire2339926075540742602 2020-10-10T11-41-35_147-jvmRun1 surefire10290008969111538583tmp surefire_09892702308262903662tmp"/>
    <property name="jdk.debug" value="release"/>
    <property name="surefire.test.class.path" value="C:\Users\achre\eclipse-workspace\Framework-selenium-bdd\target\test-classes;C:\Users\achre\eclipse-workspace\Framework-selenium-bdd\target\classes;C:\Users\achre\.m2\repository\junit\junit\4.11\junit-4.11.jar;C:\Users\achre\.m2\repository\org\hamcrest\hamcrest-core\1.3\hamcrest-core-1.3.jar;C:\Users\achre\.m2\repository\info\cukes\cucumber-junit\1.2.4\cucumber-junit-1.2.4.jar;C:\Users\achre\.m2\repository\info\cukes\cucumber-core\1.2.4\cucumber-core-1.2.4.jar;C:\Users\achre\.m2\repository\info\cukes\cucumber-html\0.2.3\cucumber-html-0.2.3.jar;C:\Users\achre\.m2\repository\info\cukes\cucumber-jvm-deps\1.0.5\cucumber-jvm-deps-1.0.5.jar;C:\Users\achre\.m2\repository\info\cukes\gherkin\2.12.2\gherkin-2.12.2.jar;C:\Users\achre\.m2\repository\info\cukes\cucumber-java\1.2.4\cucumber-java-1.2.4.jar;C:\Users\achre\.m2\repository\log4j\log4j\1.2.17\log4j-1.2.17.jar;C:\Users\achre\.m2\repository\org\assertj\assertj-core\3.2.0\assertj-core-3.2.0.jar;C:\Users\achre\.m2\repository\org\apache\poi\poi-ooxml\3.13\poi-ooxml-3.13.jar;C:\Users\achre\.m2\repository\org\apache\poi\poi\3.13\poi-3.13.jar;C:\Users\achre\.m2\repository\org\apache\poi\poi-ooxml-schemas\3.13\poi-ooxml-schemas-3.13.jar;C:\Users\achre\.m2\repository\org\apache\xmlbeans\xmlbeans\2.6.0\xmlbeans-2.6.0.jar;C:\Users\achre\.m2\repository\stax\stax-api\1.0.1\stax-api-1.0.1.jar;C:\Users\achre\.m2\repository\com\googlecode\json-simple\json-simple\1.1.1\json-simple-1.1.1.jar;C:\Users\achre\.m2\repository\commons-codec\commons-codec\1.10\commons-codec-1.10.jar;C:\Users\achre\.m2\repository\net\code-story\simplelenium\2.1\simplelenium-2.1.jar;C:\Users\achre\.m2\repository\org\seleniumhq\selenium\selenium-support\2.47.1\selenium-support-2.47.1.jar;C:\Users\achre\.m2\repository\org\seleniumhq\selenium\selenium-remote-driver\2.47.1\selenium-remote-driver-2.47.1.jar;C:\Users\achre\.m2\repository\cglib\cglib-nodep\2.1_3\cglib-nodep-2.1_3.jar;C:\Users\achre\.m2\repository\org\seleniumhq\selenium\selenium-api\2.47.1\selenium-api-2.47.1.jar;C:\Users\achre\.m2\repository\com\google\guava\guava\18.0\guava-18.0.jar;C:\Users\achre\.m2\repository\org\apache\commons\commons-exec\1.3\commons-exec-1.3.jar;C:\Users\achre\.m2\repository\net\java\dev\jna\jna\4.1.0\jna-4.1.0.jar;C:\Users\achre\.m2\repository\net\java\dev\jna\jna-platform\4.1.0\jna-platform-4.1.0.jar;C:\Users\achre\.m2\repository\org\seleniumhq\selenium\selenium-chrome-driver\2.47.1\selenium-chrome-driver-2.47.1.jar;C:\Users\achre\.m2\repository\org\seleniumhq\selenium\selenium-firefox-driver\2.47.1\selenium-firefox-driver-2.47.1.jar;C:\Users\achre\.m2\repository\commons-io\commons-io\2.4\commons-io-2.4.jar;C:\Users\achre\.m2\repository\org\apache\commons\commons-compress\1.10\commons-compress-1.10.jar;C:\Users\achre\.m2\repository\org\slf4j\slf4j-log4j12\1.7.18\slf4j-log4j12-1.7.18.jar;C:\Users\achre\.m2\repository\org\slf4j\slf4j-api\1.7.18\slf4j-api-1.7.18.jar;C:\Users\achre\.m2\repository\com\aventstack\extentreports\3.1.3\extentreports-3.1.3.jar;C:\Users\achre\.m2\repository\org\freemarker\freemarker\2.3.23\freemarker-2.3.23.jar;C:\Users\achre\.m2\repository\org\mongodb\mongodb-driver\3.3.0\mongodb-driver-3.3.0.jar;C:\Users\achre\.m2\repository\org\mongodb\bson\3.3.0\bson-3.3.0.jar;C:\Users\achre\.m2\repository\org\mongodb\mongodb-driver-core\3.3.0\mongodb-driver-core-3.3.0.jar;C:\Users\achre\.m2\repository\org\apache\httpcomponents\httpclient\4.5.2\httpclient-4.5.2.jar;C:\Users\achre\.m2\repository\org\apache\httpcomponents\httpcore\4.4.4\httpcore-4.4.4.jar;C:\Users\achre\.m2\repository\org\apache\httpcomponents\httpmime\4.5.2\httpmime-4.5.2.jar;C:\Users\achre\.m2\repository\org\jsoup\jsoup\1.9.2\jsoup-1.9.2.jar;C:\Users\achre\.m2\repository\com\google\code\gson\gson\2.8.0\gson-2.8.0.jar;C:\Users\achre\.m2\repository\com\vimalselvam\cucumber-extentsreport\3.0.0\cucumber-extentsreport-3.0.0.jar;C:\Users\achre\.m2\repository\org\seleniumhq\selenium\selenium-java\2.50.1\selenium-java-2.50.1.jar;C:\Users\achre\.m2\repository\org\seleniumhq\selenium\selenium-edge-driver\2.50.1\selenium-edge-driver-2.50.1.jar;C:\Users\achre\.m2\repository\org\seleniumhq\selenium\selenium-htmlunit-driver\2.50.1\selenium-htmlunit-driver-2.50.1.jar;C:\Users\achre\.m2\repository\net\sourceforge\htmlunit\htmlunit\2.18\htmlunit-2.18.jar;C:\Users\achre\.m2\repository\xalan\xalan\2.7.2\xalan-2.7.2.jar;C:\Users\achre\.m2\repository\xalan\serializer\2.7.2\serializer-2.7.2.jar;C:\Users\achre\.m2\repository\org\apache\commons\commons-lang3\3.4\commons-lang3-3.4.jar;C:\Users\achre\.m2\repository\net\sourceforge\htmlunit\htmlunit-core-js\2.17\htmlunit-core-js-2.17.jar;C:\Users\achre\.m2\repository\xerces\xercesImpl\2.11.0\xercesImpl-2.11.0.jar;C:\Users\achre\.m2\repository\xml-apis\xml-apis\1.4.01\xml-apis-1.4.01.jar;C:\Users\achre\.m2\repository\net\sourceforge\nekohtml\nekohtml\1.9.22\nekohtml-1.9.22.jar;C:\Users\achre\.m2\repository\net\sourceforge\cssparser\cssparser\0.9.16\cssparser-0.9.16.jar;C:\Users\achre\.m2\repository\org\w3c\css\sac\1.3\sac-1.3.jar;C:\Users\achre\.m2\repository\org\eclipse\jetty\websocket\websocket-client\9.2.12.v20150709\websocket-client-9.2.12.v20150709.jar;C:\Users\achre\.m2\repository\org\eclipse\jetty\jetty-util\9.2.12.v20150709\jetty-util-9.2.12.v20150709.jar;C:\Users\achre\.m2\repository\org\eclipse\jetty\jetty-io\9.2.12.v20150709\jetty-io-9.2.12.v20150709.jar;C:\Users\achre\.m2\repository\org\eclipse\jetty\websocket\websocket-common\9.2.12.v20150709\websocket-common-9.2.12.v20150709.jar;C:\Users\achre\.m2\repository\org\eclipse\jetty\websocket\websocket-api\9.2.12.v20150709\websocket-api-9.2.12.v20150709.jar;C:\Users\achre\.m2\repository\commons-collections\commons-collections\3.2.2\commons-collections-3.2.2.jar;C:\Users\achre\.m2\repository\org\seleniumhq\selenium\selenium-ie-driver\2.50.1\selenium-ie-driver-2.50.1.jar;C:\Users\achre\.m2\repository\org\seleniumhq\selenium\selenium-safari-driver\2.50.1\selenium-safari-driver-2.50.1.jar;C:\Users\achre\.m2\repository\org\webbitserver\webbit\0.4.14\webbit-0.4.14.jar;C:\Users\achre\.m2\repository\io\netty\netty\3.5.2.Final\netty-3.5.2.Final.jar;C:\Users\achre\.m2\repository\org\seleniumhq\selenium\selenium-leg-rc\2.50.1\selenium-leg-rc-2.50.1.jar;C:\Users\achre\.m2\repository\org\apache\pdfbox\pdfbox\1.8.1\pdfbox-1.8.1.jar;C:\Users\achre\.m2\repository\org\apache\pdfbox\fontbox\1.8.1\fontbox-1.8.1.jar;C:\Users\achre\.m2\repository\org\apache\pdfbox\jempbox\1.8.1\jempbox-1.8.1.jar;C:\Users\achre\.m2\repository\commons-logging\commons-logging\1.1.1\commons-logging-1.1.1.jar;"/>
    <property name="sun.cpu.endian" value="little"/>
    <property name="user.home" value="C:\Users\achre"/>
    <property name="user.language" value="fr"/>
    <property name="java.specification.vendor" value="Oracle Corporation"/>
    <property name="java.version.date" value="2020-07-14"/>
    <property name="java.home" value="C:\Program Files\Java\jdk-14.0.2"/>
    <property name="file.separator" value="\"/>
    <property name="basedir" value="C:\Users\achre\eclipse-workspace\Framework-selenium-bdd"/>
    <property name="java.vm.compressedOopsMode" value="Zero based"/>
    <property name="line.separator" value="&#10;"/>
    <property name="java.vm.specification.vendor" value="Oracle Corporation"/>
    <property name="java.specification.name" value="Java Platform API Specification"/>
    <property name="surefire.real.class.path" value="C:\Users\achre\AppData\Local\Temp\surefire2339926075540742602\surefirebooter10965744304902565670.jar"/>
    <property name="user.script" value=""/>
    <property name="sun.management.compiler" value="HotSpot 64-Bit Tiered Compilers"/>
    <property name="java.runtime.version" value="14.0.2+12-46"/>
    <property name="user.name" value="achre"/>
    <property name="path.separator" value=";"/>
    <property name="os.version" value="10.0"/>
    <property name="java.runtime.name" value="Java(TM) SE Runtime Environment"/>
    <property name="file.encoding" value="Cp1252"/>
    <property name="java.vm.name" value="Java HotSpot(TM) 64-Bit Server VM"/>
    <property name="localRepository" value="C:\Users\achre\.m2\repository"/>
    <property name="java.vendor.url.bug" value="https://bugreport.java.com/bugreport/"/>
    <property name="java.io.tmpdir" value="C:\Users\achre\AppData\Local\Temp\"/>
    <property name="java.version" value="14.0.2"/>
    <property name="user.dir" value="C:\Users\achre\eclipse-workspace\Framework-selenium-bdd"/>
    <property name="os.arch" value="amd64"/>
    <property name="java.vm.specification.name" value="Java Virtual Machine Specification"/>
    <property name="sun.os.patch.level" value=""/>
    <property name="java.library.path" value="C:\Program Files\Java\jdk-14.0.2\bin;C:\Windows\Sun\Java\bin;C:\Windows\system32;C:\Windows;C:/Program Files/Java/jdk-14.0.2/bin/server;C:/Program Files/Java/jdk-14.0.2/bin;C:\Windows\system32;C:\Windows;C:\Windows\System32\Wbem;C:\Windows\System32\WindowsPowerShell\v1.0\;C:\Windows\System32\OpenSSH\;C:\Program Files\NVIDIA Corporation\NVIDIA NvDLISR;C:\Program Files\Java\jdk-14.0.2\bin;C:\Devworks\apache-maven-3.6.3\bin;C:\Program Files\Git\cmd;C:\Users\achre\AppData\Local\Microsoft\WindowsApps;;C:\Windows\system32;;."/>
    <property name="java.vm.info" value="mixed mode, sharing"/>
    <property name="java.vendor" value="Oracle Corporation"/>
    <property name="java.vm.version" value="14.0.2+12-46"/>
    <property name="sun.io.unicode.encoding" value="UnicodeLittle"/>
    <property name="java.class.version" value="58.0"/>
  </properties>
  <testcase name="shouldAnswerWithTrue" classname="Framework_selenium_bdd.Framework_selenium_bdd.AppTest" time="0.003"/>
</testsuite>